0 info it worked if it ends with ok
1 verbose cli [ 'node', '/usr/local/bin/npm', 'publish' ]
2 info using npm@2.13.4
3 info using node@v0.10.33
4 verbose node symlink /usr/local/bin/node
5 verbose publish [ '.' ]
6 silly cache add args [ '.', null ]
7 verbose cache add spec .
8 silly cache add parsed spec { raw: '.',
8 silly cache add   scope: null,
8 silly cache add   name: null,
8 silly cache add   rawSpec: '.',
8 silly cache add   spec: '/Users/emeeks/Sites/d3.svg.circularbrush',
8 silly cache add   type: 'directory' }
9 verbose addLocalDirectory /Users/emeeks/.npm/d3-svg-circularbrush/1.0.0/package.tgz not in flight; packing
10 verbose tar pack [ '/Users/emeeks/.npm/d3-svg-circularbrush/1.0.0/package.tgz',
10 verbose tar pack   '/Users/emeeks/Sites/d3.svg.circularbrush' ]
11 verbose tarball /Users/emeeks/.npm/d3-svg-circularbrush/1.0.0/package.tgz
12 verbose folder /Users/emeeks/Sites/d3.svg.circularbrush
13 info prepublish d3-svg-circularbrush@1.0.0
14 verbose addLocalTarball adding from inside cache /Users/emeeks/.npm/d3-svg-circularbrush/1.0.0/package.tgz
15 silly cache afterAdd d3-svg-circularbrush@1.0.0
16 verbose afterAdd /Users/emeeks/.npm/d3-svg-circularbrush/1.0.0/package/package.json not in flight; writing
17 verbose afterAdd /Users/emeeks/.npm/d3-svg-circularbrush/1.0.0/package/package.json written
18 silly publish { name: 'd3-svg-circularbrush',
18 silly publish   version: '1.0.0',
18 silly publish   description: 'A circular selector for cyclical data.',
18 silly publish   main: 'index.js',
18 silly publish   keywords: [ 'd3', 'generator', 'control' ],
18 silly publish   directories: { examples: 'examples' },
18 silly publish   dependencies: { d3: '^3.5.6' },
18 silly publish   devDependencies: {},
18 silly publish   scripts: {},
18 silly publish   repository:
18 silly publish    { type: 'git',
18 silly publish      url: 'git+https://github.com/emeeks/d3.svg.circularbrush.git' },
18 silly publish   author: { name: 'Elijah Meeks', url: 'http://www.elijahmeeks.com' },
18 silly publish   license: 'Unlicense',
18 silly publish   bugs: { url: 'https://github.com/emeeks/d3.svg.circularbrush/issues' },
18 silly publish   homepage: 'https://github.com/emeeks/d3.svg.circularbrush',
18 silly publish   readme: 'd3.svg.circularbrush\n===============\n\n![d3.svg.circularbrush](piebrush.gif "d3.svg.circularbrush")\n\n`npm install d3-svg-circularbrush`\n\nA control for selecting cyclical data. Like d3.svg.brush, it fires "brushstart", "brush" and "brushend" events when you drag the resize areas or extent. Here\'s an example based on a [24-hour clock](http://bl.ocks.org/emeeks/905c4691f343fc4780bd).\n\n**#circularbrush.range** defines the range of the brush. The domain is fixed at 0,2π, and so the range needs to be a corresponding two value array (such as [1,24] for hours of the day). Defaults to [0,2π].\n\n**#circularbrush.innerRadius** sets the inner radius of the brush (which uses d3.svg.arc). Defaults to 50.\n\n**#circularbrush.outerRadius** sets the outer radius of the brush (which uses d3.svg.arc). Defaults to 100.\n\n**#circularbrush.handleSize** sets the size of the handles in radians. Defaults to .2\n\n**#circularbrush.extent()** returns or sets the current extent of the brush based on the set **range** of the brush.',
18 silly publish   readmeFilename: 'README.md',
18 silly publish   gitHead: 'a9ddc0b96b00450402a2e5929fb7a9a8b8e35655',
18 silly publish   _id: 'd3-svg-circularbrush@1.0.0',
18 silly publish   _shasum: '728ca6211793fe899d7fe8973c983beebf4b5317',
18 silly publish   _from: '.' }
19 verbose getPublishConfig undefined
20 silly mapToRegistry name d3-svg-circularbrush
21 silly mapToRegistry using default registry
22 silly mapToRegistry registry https://registry.npmjs.org/
23 silly mapToRegistry uri https://registry.npmjs.org/d3-svg-circularbrush
24 verbose publish registryBase https://registry.npmjs.org/
25 silly publish uploading /Users/emeeks/.npm/d3-svg-circularbrush/1.0.0/package.tgz
26 verbose request uri https://registry.npmjs.org/d3-svg-circularbrush
27 verbose request sending authorization for write operation
28 info attempt registry request try #1 at 20:08:58
29 verbose request using bearer token for auth
30 verbose request id 8557382fd1a84e36
31 http request PUT https://registry.npmjs.org/d3-svg-circularbrush
32 http 403 https://registry.npmjs.org/d3-svg-circularbrush
33 verbose headers { 'content-type': 'application/json',
33 verbose headers   'cache-control': 'max-age=60',
33 verbose headers   'content-length': '95',
33 verbose headers   'accept-ranges': 'bytes',
33 verbose headers   date: 'Mon, 24 Aug 2015 03:09:00 GMT',
33 verbose headers   via: '1.1 varnish',
33 verbose headers   connection: 'keep-alive',
33 verbose headers   'x-served-by': 'cache-jfk1033-JFK',
33 verbose headers   'x-cache': 'MISS',
33 verbose headers   'x-cache-hits': '0',
33 verbose headers   'x-timer': 'S1440385739.045109,VS0,VE1193' }
34 verbose request invalidating /Users/emeeks/.npm/registry.npmjs.org/d3-svg-circularbrush on PUT
35 error publish Failed PUT 403
36 verbose stack Error: "You cannot publish over the previously published version 1.0.0." : d3-svg-circularbrush
36 verbose stack     at CachingRegistryClient.<anonymous> (/usr/local/lib/node_modules/npm/node_modules/npm-registry-client/lib/request.js:247:14)
36 verbose stack     at Request._callback (/usr/local/lib/node_modules/npm/node_modules/npm-registry-client/lib/request.js:170:14)
36 verbose stack     at Request.self.callback (/usr/local/lib/node_modules/npm/node_modules/request/request.js:198:22)
36 verbose stack     at Request.emit (events.js:98:17)
36 verbose stack     at Request.<anonymous> (/usr/local/lib/node_modules/npm/node_modules/request/request.js:1057:14)
36 verbose stack     at Request.emit (events.js:117:20)
36 verbose stack     at IncomingMessage.<anonymous> (/usr/local/lib/node_modules/npm/node_modules/request/request.js:1003:12)
36 verbose stack     at IncomingMessage.emit (events.js:117:20)
36 verbose stack     at _stream_readable.js:943:16
36 verbose stack     at process._tickCallback (node.js:419:13)
37 verbose statusCode 403
38 verbose pkgid d3-svg-circularbrush
39 verbose cwd /Users/emeeks/Sites/d3.svg.circularbrush
40 error Darwin 13.4.0
41 error argv "node" "/usr/local/bin/npm" "publish"
42 error node v0.10.33
43 error npm  v2.13.4
44 error code E403
45 error "You cannot publish over the previously published version 1.0.0." : d3-svg-circularbrush
46 error If you need help, you may report this error at:
46 error     <https://github.com/npm/npm/issues>
47 verbose exit [ 1, true ]
